<?xml version="1.0" encoding="UTF-8"?>
<testng-results ignored="0" total="10" passed="10" failed="0" skipped="0">
  <reporter-output>
  </reporter-output>
  <suite started-at="2026-02-06T12:42:03 IST" name="ZigWheels Suite" finished-at="2026-02-06T12:43:07 IST" duration-ms="64316">
    <groups>
    </groups>
    <test started-at="2026-02-06T12:42:03 IST" name="Edge Tests" finished-at="2026-02-06T12:43:00 IST" duration-ms="56722">
      <class name="com.zigwheels.tests.ZigWheelsScenariosTest">
        <test-method is-config="true" signature="setUp(java.lang.String)[pri:0, instance:com.zigwheels.tests.ZigWheelsScenariosTest@66de00f2]" started-at="2026-02-06T12:42:03 IST" name="setUp" finished-at="2026-02-06T12:42:08 IST" duration-ms="5142" status="PASS">
          <params>
            <param index="0">
              <value>
                <![CDATA[edge]]>
              </value>
            </param>
          </params>
          <reporter-output>
          </reporter-output>
        </test-method> <!-- setUp -->
        <test-method signature="scenario1_searchAndCompareCars()[pri:1, instance:com.zigwheels.tests.ZigWheelsScenariosTest@66de00f2]" started-at="2026-02-06T12:42:09 IST" name="scenario1_searchAndCompareCars" finished-at="2026-02-06T12:42:21 IST" duration-ms="12163" status="PASS">
          <reporter-output>
          </reporter-output>
        </test-method> <!-- scenario1_searchAndCompareCars -->
        <test-method is-config="true" signature="resetPage()[pri:0, instance:com.zigwheels.tests.ZigWheelsScenariosTest@66de00f2]" started-at="2026-02-06T12:42:21 IST" name="resetPage" finished-at="2026-02-06T12:42:22 IST" duration-ms="1195" status="PASS">
          <reporter-output>
          </reporter-output>
        </test-method> <!-- resetPage -->
        <test-method signature="scenario2_popularCars()[pri:2, instance:com.zigwheels.tests.ZigWheelsScenariosTest@66de00f2]" started-at="2026-02-06T12:42:22 IST" name="scenario2_popularCars" finished-at="2026-02-06T12:42:27 IST" duration-ms="4889" status="PASS">
          <reporter-output>
          </reporter-output>
        </test-method> <!-- scenario2_popularCars -->
        <test-method is-config="true" signature="resetPage()[pri:0, instance:com.zigwheels.tests.ZigWheelsScenariosTest@66de00f2]" started-at="2026-02-06T12:42:28 IST" name="resetPage" finished-at="2026-02-06T12:42:28 IST" duration-ms="833" status="PASS">
          <reporter-output>
          </reporter-output>
        </test-method> <!-- resetPage -->
        <test-method signature="scenario3_electricScootersOLA()[pri:4, instance:com.zigwheels.tests.ZigWheelsScenariosTest@66de00f2]" started-at="2026-02-06T12:42:28 IST" name="scenario3_electricScootersOLA" finished-at="2026-02-06T12:42:33 IST" duration-ms="5009" status="PASS">
          <reporter-output>
          </reporter-output>
        </test-method> <!-- scenario3_electricScootersOLA -->
        <test-method is-config="true" signature="resetPage()[pri:0, instance:com.zigwheels.tests.ZigWheelsScenariosTest@66de00f2]" started-at="2026-02-06T12:42:34 IST" name="resetPage" finished-at="2026-02-06T12:42:35 IST" duration-ms="1698" status="PASS">
          <reporter-output>
          </reporter-output>
        </test-method> <!-- resetPage -->
        <test-method signature="scenario4_usedCarsChennaiSortAndValidate()[pri:5, instance:com.zigwheels.tests.ZigWheelsScenariosTest@66de00f2]" started-at="2026-02-06T12:42:35 IST" name="scenario4_usedCarsChennaiSortAndValidate" finished-at="2026-02-06T12:42:44 IST" duration-ms="9052" status="PASS">
          <reporter-output>
          </reporter-output>
        </test-method> <!-- scenario4_usedCarsChennaiSortAndValidate -->
        <test-method is-config="true" signature="resetPage()[pri:0, instance:com.zigwheels.tests.ZigWheelsScenariosTest@66de00f2]" started-at="2026-02-06T12:42:45 IST" name="resetPage" finished-at="2026-02-06T12:42:46 IST" duration-ms="1468" status="PASS">
          <reporter-output>
          </reporter-output>
        </test-method> <!-- resetPage -->
        <test-method signature="scenario5_profileGoogleInvalidLogin()[pri:6, instance:com.zigwheels.tests.ZigWheelsScenariosTest@66de00f2]" started-at="2026-02-06T12:42:46 IST" name="scenario5_profileGoogleInvalidLogin" finished-at="2026-02-06T12:42:51 IST" duration-ms="5192" status="PASS">
          <reporter-output>
          </reporter-output>
        </test-method> <!-- scenario5_profileGoogleInvalidLogin -->
        <test-method is-config="true" signature="resetPage()[pri:0, instance:com.zigwheels.tests.ZigWheelsScenariosTest@66de00f2]" started-at="2026-02-06T12:42:52 IST" name="resetPage" finished-at="2026-02-06T12:42:52 IST" duration-ms="704" status="PASS">
          <reporter-output>
          </reporter-output>
        </test-method> <!-- resetPage -->
        <test-method is-config="true" signature="tearDown()[pri:0, instance:com.zigwheels.tests.ZigWheelsScenariosTest@66de00f2]" started-at="2026-02-06T12:42:52 IST" name="tearDown" finished-at="2026-02-06T12:43:00 IST" duration-ms="7232" status="PASS">
          <reporter-output>
          </reporter-output>
        </test-method> <!-- tearDown -->
      </class> <!-- com.zigwheels.tests.ZigWheelsScenariosTest -->
    </test> <!-- Edge Tests -->
    <test started-at="2026-02-06T12:42:03 IST" name="Chrome Tests" finished-at="2026-02-06T12:43:07 IST" duration-ms="64316">
      <class name="com.zigwheels.tests.ZigWheelsScenariosTest">
        <test-method is-config="true" signature="setUp(java.lang.String)[pri:0, instance:com.zigwheels.tests.ZigWheelsScenariosTest@d535a3d]" started-at="2026-02-06T12:42:03 IST" name="setUp" finished-at="2026-02-06T12:42:11 IST" duration-ms="7386" status="PASS">
          <params>
            <param index="0">
              <value>
                <![CDATA[chrome]]>
              </value>
            </param>
          </params>
          <reporter-output>
          </reporter-output>
        </test-method> <!-- setUp -->
        <test-method signature="scenario1_searchAndCompareCars()[pri:1, instance:com.zigwheels.tests.ZigWheelsScenariosTest@d535a3d]" started-at="2026-02-06T12:42:11 IST" name="scenario1_searchAndCompareCars" finished-at="2026-02-06T12:42:21 IST" duration-ms="10060" status="PASS">
          <reporter-output>
          </reporter-output>
        </test-method> <!-- scenario1_searchAndCompareCars -->
        <test-method is-config="true" signature="resetPage()[pri:0, instance:com.zigwheels.tests.ZigWheelsScenariosTest@d535a3d]" started-at="2026-02-06T12:42:21 IST" name="resetPage" finished-at="2026-02-06T12:42:21 IST" duration-ms="99" status="PASS">
          <reporter-output>
          </reporter-output>
        </test-method> <!-- resetPage -->
        <test-method signature="scenario2_popularCars()[pri:2, instance:com.zigwheels.tests.ZigWheelsScenariosTest@d535a3d]" started-at="2026-02-06T12:42:21 IST" name="scenario2_popularCars" finished-at="2026-02-06T12:42:28 IST" duration-ms="6846" status="PASS">
          <reporter-output>
          </reporter-output>
        </test-method> <!-- scenario2_popularCars -->
        <test-method is-config="true" signature="resetPage()[pri:0, instance:com.zigwheels.tests.ZigWheelsScenariosTest@d535a3d]" started-at="2026-02-06T12:42:29 IST" name="resetPage" finished-at="2026-02-06T12:42:30 IST" duration-ms="1195" status="PASS">
          <reporter-output>
          </reporter-output>
        </test-method> <!-- resetPage -->
        <test-method signature="scenario3_electricScootersOLA()[pri:4, instance:com.zigwheels.tests.ZigWheelsScenariosTest@d535a3d]" started-at="2026-02-06T12:42:30 IST" name="scenario3_electricScootersOLA" finished-at="2026-02-06T12:42:35 IST" duration-ms="5034" status="PASS">
          <reporter-output>
          </reporter-output>
        </test-method> <!-- scenario3_electricScootersOLA -->
        <test-method is-config="true" signature="resetPage()[pri:0, instance:com.zigwheels.tests.ZigWheelsScenariosTest@d535a3d]" started-at="2026-02-06T12:42:35 IST" name="resetPage" finished-at="2026-02-06T12:42:37 IST" duration-ms="1556" status="PASS">
          <reporter-output>
          </reporter-output>
        </test-method> <!-- resetPage -->
        <test-method signature="scenario4_usedCarsChennaiSortAndValidate()[pri:5, instance:com.zigwheels.tests.ZigWheelsScenariosTest@d535a3d]" started-at="2026-02-06T12:42:37 IST" name="scenario4_usedCarsChennaiSortAndValidate" finished-at="2026-02-06T12:42:44 IST" duration-ms="7800" status="PASS">
          <reporter-output>
          </reporter-output>
        </test-method> <!-- scenario4_usedCarsChennaiSortAndValidate -->
        <test-method is-config="true" signature="resetPage()[pri:0, instance:com.zigwheels.tests.ZigWheelsScenariosTest@d535a3d]" started-at="2026-02-06T12:42:45 IST" name="resetPage" finished-at="2026-02-06T12:42:46 IST" duration-ms="1150" status="PASS">
          <reporter-output>
          </reporter-output>
        </test-method> <!-- resetPage -->
        <test-method signature="scenario5_profileGoogleInvalidLogin()[pri:6, instance:com.zigwheels.tests.ZigWheelsScenariosTest@d535a3d]" started-at="2026-02-06T12:42:46 IST" name="scenario5_profileGoogleInvalidLogin" finished-at="2026-02-06T12:42:51 IST" duration-ms="5239" status="PASS">
          <reporter-output>
          </reporter-output>
        </test-method> <!-- scenario5_profileGoogleInvalidLogin -->
        <test-method is-config="true" signature="resetPage()[pri:0, instance:com.zigwheels.tests.ZigWheelsScenariosTest@d535a3d]" started-at="2026-02-06T12:42:52 IST" name="resetPage" finished-at="2026-02-06T12:42:53 IST" duration-ms="1357" status="PASS">
          <reporter-output>
          </reporter-output>
        </test-method> <!-- resetPage -->
        <test-method is-config="true" signature="tearDown()[pri:0, instance:com.zigwheels.tests.ZigWheelsScenariosTest@d535a3d]" started-at="2026-02-06T12:42:53 IST" name="tearDown" finished-at="2026-02-06T12:43:07 IST" duration-ms="14088" status="PASS">
          <reporter-output>
          </reporter-output>
        </test-method> <!-- tearDown -->
      </class> <!-- com.zigwheels.tests.ZigWheelsScenariosTest -->
    </test> <!-- Chrome Tests -->
  </suite> <!-- ZigWheels Suite -->
</testng-results>
