<?xml version="1.0" encoding="UTF-8"?>
<!-- Generated by org.testng.reporters.JUnitXMLReporter -->
<testsuite ignored="0" hostname="LTIN674478" failures="0" tests="5" name="Chrome Tests" time="64.316" errors="0" timestamp="2026-02-06T12:43:07 IST">
  <testcase classname="com.zigwheels.tests.ZigWheelsScenariosTest" name="scenario1_searchAndCompareCars" time="10.06"/>
  <testcase classname="com.zigwheels.tests.ZigWheelsScenariosTest" name="scenario2_popularCars" time="6.846"/>
  <testcase classname="com.zigwheels.tests.ZigWheelsScenariosTest" name="scenario3_electricScootersOLA" time="5.034"/>
  <testcase classname="com.zigwheels.tests.ZigWheelsScenariosTest" name="scenario4_usedCarsChennaiSortAndValidate" time="7.8"/>
  <testcase classname="com.zigwheels.tests.ZigWheelsScenariosTest" name="scenario5_profileGoogleInvalidLogin" time="5.239"/>
</testsuite> <!-- Chrome Tests -->
