<?xml version="1.0" encoding="UTF-8"?>
<!-- Generated by org.testng.reporters.JUnitXMLReporter -->
<testsuite ignored="0" hostname="LTIN674478" failures="0" tests="5" name="Edge Tests" time="56.722" errors="0" timestamp="2026-02-06T12:43:00 IST">
  <testcase classname="com.zigwheels.tests.ZigWheelsScenariosTest" name="scenario1_searchAndCompareCars" time="12.163"/>
  <testcase classname="com.zigwheels.tests.ZigWheelsScenariosTest" name="scenario2_popularCars" time="4.889"/>
  <testcase classname="com.zigwheels.tests.ZigWheelsScenariosTest" name="scenario3_electricScootersOLA" time="5.009"/>
  <testcase classname="com.zigwheels.tests.ZigWheelsScenariosTest" name="scenario4_usedCarsChennaiSortAndValidate" time="9.052"/>
  <testcase classname="com.zigwheels.tests.ZigWheelsScenariosTest" name="scenario5_profileGoogleInvalidLogin" time="5.192"/>
</testsuite> <!-- Edge Tests -->
